<?xml version="1.0" encoding="UTF-8"?>
<testsuite name="com.gildedrose.GildedRoseHandTest" tests="1" skipped="0" failures="0" errors="0" timestamp="2019-10-29T15:47:25" hostname="isoubedda-PORTEGE-R830" time="0.036">
  <properties/>
  <testcase name="gildedRose" classname="com.gildedrose.GildedRoseHandTest" time="0.036"/>
  <system-out><![CDATA[OMGHAI!
-------- day 0 --------
+5 Dexterity Vest, 10, 20
Aged Brie, 2, 0
Elixir of the Mongoose, 5, 7
Sulfuras, Hand of Ragnaros, 0, 80
Sulfuras, Hand of Ragnaros, -1, 80
Backstage passes to a TAFKAL80ETC concert, 15, 20
Backstage passes to a TAFKAL80ETC concert, 10, 49
Backstage passes to a TAFKAL80ETC concert, 5, 49
Backstage passes to a TAFKAL80ETC concert, 6, 48
Backstage passes to a TAFKAL80ETC concert, 3, 47
Elixir of the Mongoose, -2, 7
Backstage passes to a TAFKAL80ETC concert, -3, 47
Aged Brie, -2, 0
Aged Brie, -2, 54
Elixir of the Mongoose, -2, -7
Conjured, 3, 6

-------- day 1 --------
+5 Dexterity Vest, 9, 19
Aged Brie, 1, 1
Elixir of the Mongoose, 4, 6
Sulfuras, Hand of Ragnaros, 0, 80
Sulfuras, Hand of Ragnaros, -1, 80
Backstage passes to a TAFKAL80ETC concert, 14, 21
Backstage passes to a TAFKAL80ETC concert, 9, 50
Backstage passes to a TAFKAL80ETC concert, 4, 50
Backstage passes to a TAFKAL80ETC concert, 5, 50
Backstage passes to a TAFKAL80ETC concert, 2, 50
Elixir of the Mongoose, -3, 5
Backstage passes to a TAFKAL80ETC concert, -4, 0
Aged Brie, -3, 2
Aged Brie, -3, 54
Elixir of the Mongoose, -3, -7
Conjured, 2, 4


]]></system-out>
  <system-err><![CDATA[]]></system-err>
</testsuite>
