<?xml version="1.0" encoding="UTF-8"?>
<testsuite name="com.gildedrose.GildedRoseTest" tests="1" skipped="0" failures="0" errors="0" timestamp="2019-10-20T14:40:20" hostname="isoubedda-PORTEGE-R830" time="0.483">
  <properties/>
  <testcase name="updateItems" classname="com.gildedrose.GildedRoseTest" time="0.483"/>
  <system-out><![CDATA[]]></system-out>
  <system-err><![CDATA[]]></system-err>
</testsuite>
